The system is: Windows - 10.0.22621 - AMD64
Compiling the C compiler identification source file "CMakeCCompilerId.c" succeeded.
Compiler: C:/MinGW/bin/gcc.exe 
Build flags: 
Id flags:  

The output was:
0


Compilation of the C compiler identification source "CMakeCCompilerId.c" produced "a.exe"

The C compiler identification is GNU, found in "D:/Assign3/CS213-2023-2024-Assignment3-V1.0/CS213-2023-2024-Assignment3-V1.0/XO_OOP_wRandom/src/cmake-build-debug/CMakeFiles/3.24.2/CompilerIdC/a.exe"

Compiling the CXX compiler identification source file "CMakeCXXCompilerId.cpp" succeeded.
Compiler: C:/MinGW/bin/c++.exe 
Build flags: 
Id flags:  

The output was:
0


Compilation of the CXX compiler identification source "CMakeCXXCompilerId.cpp" produced "a.exe"

The CXX compiler identification is GNU, found in "D:/Assign3/CS213-2023-2024-Assignment3-V1.0/CS213-2023-2024-Assignment3-V1.0/XO_OOP_wRandom/src/cmake-build-debug/CMakeFiles/3.24.2/CompilerIdCXX/a.exe"

Determining if the C compiler works passed with the following output:
Change Dir: D:/Assign3/CS213-2023-2024-Assignment3-V1.0/CS213-2023-2024-Assignment3-V1.0/XO_OOP_wRandom/src/cmake-build-debug/CMakeFiles/CMakeTmp

Run Build Command(s):C:/Users/iRepair/AppData/Local/JetBrains/CLion 2022.3.2/bin/ninja/win/x64/ninja.exe cmTC_0dc45 && [1/2] Building C object CMakeFiles/cmTC_0dc45.dir/testCCompiler.c.obj
[2/2] Linking C executable cmTC_0dc45.exe



Determining if the CXX compiler works passed with the following output:
Change Dir: D:/Assign3/CS213-2023-2024-Assignment3-V1.0/CS213-2023-2024-Assignment3-V1.0/XO_OOP_wRandom/src/cmake-build-debug/CMakeFiles/CMakeTmp

Run Build Command(s):C:/Users/iRepair/AppData/Local/JetBrains/CLion 2022.3.2/bin/ninja/win/x64/ninja.exe cmTC_7a48b && [1/2] Building CXX object CMakeFiles/cmTC_7a48b.dir/testCXXCompiler.cxx.obj
[2/2] Linking CXX executable cmTC_7a48b.exe



